2019-06-26 00:00:25.878 [main] INFO  o.s.c.s.PostProcessorRegistrationDelegate$BeanPostProcessorChecker
				-Bean 'org.springframework.cloud.autoconfigure.ConfigurationPropertiesRebinderAutoConfiguration' of type [org.springframework.cloud.autoconfigure.ConfigurationPropertiesRebinderAutoConfiguration$$EnhancerBySpringCGLIB$$c0506ed8] is not eligible for getting processed by all BeanPostProcessors (for example: not eligible for auto-proxying)
2019-06-26 00:00:25.988 [main] INFO  c.s.sample.EurekaServerApplication
				-No active profile set, falling back to default profiles: default
2019-06-26 00:00:26.697 [main] WARN  o.s.boot.actuate.endpoint.EndpointId
				-Endpoint ID 'service-registry' contains invalid characters, please migrate to a valid format.
2019-06-26 00:00:26.929 [main] INFO  o.s.cloud.context.scope.GenericScope
				-BeanFactory id=70732503-b5f4-38d3-8aa5-7fe93f9c0d3b
2019-06-26 00:00:27.028 [main] INFO  o.s.c.s.PostProcessorRegistrationDelegate$BeanPostProcessorChecker
				-Bean 'org.springframework.cloud.autoconfigure.ConfigurationPropertiesRebinderAutoConfiguration' of type [org.springframework.cloud.autoconfigure.ConfigurationPropertiesRebinderAutoConfiguration$$EnhancerBySpringCGLIB$$c0506ed8] is not eligible for getting processed by all BeanPostProcessors (for example: not eligible for auto-proxying)
2019-06-26 00:00:27.321 [main] INFO  o.s.b.w.e.tomcat.TomcatWebServer
				-Tomcat initialized with port(s): 8888 (http)
2019-06-26 00:00:27.335 [main] INFO  o.a.coyote.http11.Http11NioProtocol
				-Initializing ProtocolHandler ["http-nio-8888"]
2019-06-26 00:00:27.346 [main] INFO  o.a.catalina.core.StandardService
				-Starting service [Tomcat]
2019-06-26 00:00:27.347 [main] INFO  o.a.catalina.core.StandardEngine
				-Starting Servlet engine: [Apache Tomcat/9.0.17]
2019-06-26 00:00:27.437 [main] INFO  o.a.c.c.C.[Tomcat].[localhost].[/]
				-Initializing Spring embedded WebApplicationContext
2019-06-26 00:00:27.437 [main] INFO  o.s.web.context.ContextLoader
				-Root WebApplicationContext: initialization completed in 1438 ms
2019-06-26 00:00:27.554 [main] WARN  c.n.c.sources.URLConfigurationSource
				-No URLs will be polled as dynamic configuration sources.
2019-06-26 00:00:27.554 [main] INFO  c.n.c.sources.URLConfigurationSource
				-To enable URLs as dynamic configuration sources, define System property archaius.configurationSource.additionalUrls or make config.properties available on classpath.
2019-06-26 00:00:27.570 [main] INFO  c.n.config.DynamicPropertyFactory
				-DynamicPropertyFactory is initialized with configuration sources: com.netflix.config.ConcurrentCompositeConfiguration@2e645fbd
2019-06-26 00:00:28.206 [main] INFO  c.s.j.s.i.a.WebApplicationImpl
				-Initiating Jersey application, version 'Jersey: 1.19.1 03/11/2016 02:08 PM'
2019-06-26 00:00:28.250 [main] INFO  c.n.d.p.DiscoveryJerseyProvider
				-Using JSON encoding codec LegacyJacksonJson
2019-06-26 00:00:28.251 [main] INFO  c.n.d.p.DiscoveryJerseyProvider
				-Using JSON decoding codec LegacyJacksonJson
2019-06-26 00:00:28.339 [main] INFO  c.n.d.p.DiscoveryJerseyProvider
				-Using XML encoding codec XStreamXml
2019-06-26 00:00:28.339 [main] INFO  c.n.d.p.DiscoveryJerseyProvider
				-Using XML decoding codec XStreamXml
2019-06-26 00:00:28.625 [main] WARN  o.s.c.n.a.ArchaiusAutoConfiguration
				-No spring.application.name found, defaulting to 'application'
2019-06-26 00:00:28.625 [main] WARN  c.n.c.sources.URLConfigurationSource
				-No URLs will be polled as dynamic configuration sources.
2019-06-26 00:00:28.626 [main] INFO  c.n.c.sources.URLConfigurationSource
				-To enable URLs as dynamic configuration sources, define System property archaius.configurationSource.additionalUrls or make config.properties available on classpath.
2019-06-26 00:00:28.784 [main] INFO  o.s.s.c.ThreadPoolTaskExecutor
				-Initializing ExecutorService 'applicationTaskExecutor'
2019-06-26 00:00:29.268 [main] INFO  o.s.c.n.eureka.InstanceInfoFactory
				-Setting initial instance status as: STARTING
2019-06-26 00:00:29.294 [main] INFO  c.netflix.discovery.DiscoveryClient
				-Initializing Eureka in region us-east-1
2019-06-26 00:00:29.294 [main] INFO  c.netflix.discovery.DiscoveryClient
				-Client configured to neither register nor query for data.
2019-06-26 00:00:29.302 [main] INFO  c.netflix.discovery.DiscoveryClient
				-Discovery Client initialized at timestamp 1561518029301 with initial instances count: 0
2019-06-26 00:00:29.338 [main] INFO  c.n.e.DefaultEurekaServerContext
				-Initializing ...
2019-06-26 00:00:29.340 [main] WARN  c.n.eureka.cluster.PeerEurekaNodes
				-The replica size seems to be empty. Check the route 53 DNS Registry
2019-06-26 00:00:29.359 [main] INFO  c.n.e.r.AbstractInstanceRegistry
				-Finished initializing remote region registries. All known remote regions: []
2019-06-26 00:00:29.360 [main] INFO  c.n.e.DefaultEurekaServerContext
				-Initialized
2019-06-26 00:00:29.374 [main] INFO  o.s.b.a.e.web.EndpointLinksResolver
				-Exposing 2 endpoint(s) beneath base path '/actuator'
2019-06-26 00:00:29.457 [main] INFO  o.s.c.n.e.s.EurekaServiceRegistry
				-Registering application UNKNOWN with eureka with status UP
2019-06-26 00:00:29.460 [Thread-11] INFO  o.s.c.n.e.s.EurekaServerBootstrap
				-Setting the eureka configuration..
2019-06-26 00:00:29.460 [Thread-11] INFO  o.s.c.n.e.s.EurekaServerBootstrap
				-Eureka data center value eureka.datacenter is not set, defaulting to default
2019-06-26 00:00:29.461 [Thread-11] INFO  o.s.c.n.e.s.EurekaServerBootstrap
				-Eureka environment value eureka.environment is not set, defaulting to test
2019-06-26 00:00:29.474 [Thread-11] INFO  o.s.c.n.e.s.EurekaServerBootstrap
				-isAws returned false
2019-06-26 00:00:29.474 [Thread-11] INFO  o.s.c.n.e.s.EurekaServerBootstrap
				-Initialized server context
2019-06-26 00:00:29.475 [Thread-11] INFO  c.n.e.r.PeerAwareInstanceRegistryImpl
				-Got 1 instances from neighboring DS node
2019-06-26 00:00:29.475 [Thread-11] INFO  c.n.e.r.PeerAwareInstanceRegistryImpl
				-Renew threshold is: 1
2019-06-26 00:00:29.475 [Thread-11] INFO  c.n.e.r.PeerAwareInstanceRegistryImpl
				-Changing status to UP
2019-06-26 00:00:29.478 [main] INFO  o.a.coyote.http11.Http11NioProtocol
				-Starting ProtocolHandler ["http-nio-8888"]
2019-06-26 00:00:29.488 [Thread-11] INFO  o.s.c.n.e.s.EurekaServerInitializerConfiguration
				-Started Eureka Server
2019-06-26 00:00:29.530 [main] INFO  o.s.b.w.e.tomcat.TomcatWebServer
				-Tomcat started on port(s): 8888 (http) with context path ''
2019-06-26 00:00:29.531 [main] INFO  o.s.c.n.e.s.EurekaAutoServiceRegistration
				-Updating port to 8888
2019-06-26 00:00:29.534 [main] INFO  c.s.sample.EurekaServerApplication
				-Started EurekaServerApplication in 4.571 seconds (JVM running for 5.254)
2019-06-26 00:00:47.347 [http-nio-8888-exec-1] INFO  o.a.c.c.C.[Tomcat].[localhost].[/]
				-Initializing Spring DispatcherServlet 'dispatcherServlet'
2019-06-26 00:00:47.347 [http-nio-8888-exec-1] INFO  o.s.web.servlet.DispatcherServlet
				-Initializing Servlet 'dispatcherServlet'
2019-06-26 00:00:47.358 [http-nio-8888-exec-1] INFO  o.s.web.servlet.DispatcherServlet
				-Completed initialization in 10 ms
2019-06-26 00:00:47.675 [http-nio-8888-exec-2] INFO  c.n.e.r.AbstractInstanceRegistry
				-Registered instance CLIENT-A/192.168.1.156:client-a:7070 with status UP (replication=false)
2019-06-26 00:00:55.916 [http-nio-8888-exec-4] INFO  c.n.e.r.AbstractInstanceRegistry
				-Registered instance ZUUL-SERVER/192.168.1.156:zuul-server:5555 with status UP (replication=false)
2019-06-26 00:01:29.477 [Eureka-EvictionTimer] INFO  c.n.e.r.AbstractInstanceRegistry
				-Running the evict task with compensationTime 0ms
2019-06-26 00:02:29.477 [Eureka-EvictionTimer] INFO  c.n.e.r.AbstractInstanceRegistry
				-Running the evict task with compensationTime 0ms
2019-06-26 00:03:29.477 [Eureka-EvictionTimer] INFO  c.n.e.r.AbstractInstanceRegistry
				-Running the evict task with compensationTime 0ms
2019-06-26 00:04:29.477 [Eureka-EvictionTimer] INFO  c.n.e.r.AbstractInstanceRegistry
				-Running the evict task with compensationTime 0ms
2019-06-26 00:05:29.478 [Eureka-EvictionTimer] INFO  c.n.e.r.AbstractInstanceRegistry
				-Running the evict task with compensationTime 0ms
2019-06-26 00:06:29.477 [Eureka-EvictionTimer] INFO  c.n.e.r.AbstractInstanceRegistry
				-Running the evict task with compensationTime 0ms
2019-06-26 00:06:44.229 [Thread-13] INFO  o.s.c.n.e.s.EurekaServiceRegistry
				-Unregistering application UNKNOWN with eureka with status DOWN
2019-06-26 00:06:44.231 [Thread-13] INFO  c.n.e.DefaultEurekaServerContext
				-Shutting down ...
2019-06-26 00:06:44.235 [Thread-13] INFO  c.n.e.DefaultEurekaServerContext
				-Shut down
2019-06-26 00:06:44.238 [Thread-13] INFO  o.s.s.c.ThreadPoolTaskExecutor
				-Shutting down ExecutorService 'applicationTaskExecutor'
2019-06-26 00:06:44.240 [Thread-13] INFO  c.netflix.discovery.DiscoveryClient
				-Shutting down DiscoveryClient ...
2019-06-26 00:06:44.240 [Thread-13] INFO  c.netflix.discovery.DiscoveryClient
				-Completed shut down of DiscoveryClient
2019-06-26 00:21:29.655 [main] INFO  o.s.c.s.PostProcessorRegistrationDelegate$BeanPostProcessorChecker
				-Bean 'org.springframework.cloud.autoconfigure.ConfigurationPropertiesRebinderAutoConfiguration' of type [org.springframework.cloud.autoconfigure.ConfigurationPropertiesRebinderAutoConfiguration$$EnhancerBySpringCGLIB$$a52ef8d3] is not eligible for getting processed by all BeanPostProcessors (for example: not eligible for auto-proxying)
2019-06-26 00:21:29.796 [main] INFO  c.s.sample.EurekaServerApplication
				-No active profile set, falling back to default profiles: default
2019-06-26 00:21:30.669 [main] WARN  o.s.boot.actuate.endpoint.EndpointId
				-Endpoint ID 'service-registry' contains invalid characters, please migrate to a valid format.
2019-06-26 00:21:30.990 [main] INFO  o.s.cloud.context.scope.GenericScope
				-BeanFactory id=70732503-b5f4-38d3-8aa5-7fe93f9c0d3b
2019-06-26 00:21:31.111 [main] INFO  o.s.c.s.PostProcessorRegistrationDelegate$BeanPostProcessorChecker
				-Bean 'org.springframework.cloud.autoconfigure.ConfigurationPropertiesRebinderAutoConfiguration' of type [org.springframework.cloud.autoconfigure.ConfigurationPropertiesRebinderAutoConfiguration$$EnhancerBySpringCGLIB$$a52ef8d3] is not eligible for getting processed by all BeanPostProcessors (for example: not eligible for auto-proxying)
2019-06-26 00:21:31.512 [main] INFO  o.s.b.w.e.tomcat.TomcatWebServer
				-Tomcat initialized with port(s): 8888 (http)
2019-06-26 00:21:31.533 [main] INFO  o.a.coyote.http11.Http11NioProtocol
				-Initializing ProtocolHandler ["http-nio-8888"]
2019-06-26 00:21:31.548 [main] INFO  o.a.catalina.core.StandardService
				-Starting service [Tomcat]
2019-06-26 00:21:31.549 [main] INFO  o.a.catalina.core.StandardEngine
				-Starting Servlet engine: [Apache Tomcat/9.0.17]
2019-06-26 00:21:31.692 [main] INFO  o.a.c.c.C.[Tomcat].[localhost].[/]
				-Initializing Spring embedded WebApplicationContext
2019-06-26 00:21:31.692 [main] INFO  o.s.web.context.ContextLoader
				-Root WebApplicationContext: initialization completed in 1880 ms
2019-06-26 00:21:31.841 [main] WARN  c.n.c.sources.URLConfigurationSource
				-No URLs will be polled as dynamic configuration sources.
2019-06-26 00:21:31.841 [main] INFO  c.n.c.sources.URLConfigurationSource
				-To enable URLs as dynamic configuration sources, define System property archaius.configurationSource.additionalUrls or make config.properties available on classpath.
2019-06-26 00:21:31.856 [main] INFO  c.n.config.DynamicPropertyFactory
				-DynamicPropertyFactory is initialized with configuration sources: com.netflix.config.ConcurrentCompositeConfiguration@45cec376
2019-06-26 00:21:32.549 [main] INFO  c.s.j.s.i.a.WebApplicationImpl
				-Initiating Jersey application, version 'Jersey: 1.19.1 03/11/2016 02:08 PM'
2019-06-26 00:21:32.617 [main] INFO  c.n.d.p.DiscoveryJerseyProvider
				-Using JSON encoding codec LegacyJacksonJson
2019-06-26 00:21:32.619 [main] INFO  c.n.d.p.DiscoveryJerseyProvider
				-Using JSON decoding codec LegacyJacksonJson
2019-06-26 00:21:32.787 [main] INFO  c.n.d.p.DiscoveryJerseyProvider
				-Using XML encoding codec XStreamXml
2019-06-26 00:21:32.788 [main] INFO  c.n.d.p.DiscoveryJerseyProvider
				-Using XML decoding codec XStreamXml
2019-06-26 00:21:33.127 [main] WARN  o.s.c.n.a.ArchaiusAutoConfiguration
				-No spring.application.name found, defaulting to 'application'
2019-06-26 00:21:33.128 [main] WARN  c.n.c.sources.URLConfigurationSource
				-No URLs will be polled as dynamic configuration sources.
2019-06-26 00:21:33.128 [main] INFO  c.n.c.sources.URLConfigurationSource
				-To enable URLs as dynamic configuration sources, define System property archaius.configurationSource.additionalUrls or make config.properties available on classpath.
2019-06-26 00:21:33.337 [main] INFO  o.s.s.c.ThreadPoolTaskExecutor
				-Initializing ExecutorService 'applicationTaskExecutor'
2019-06-26 00:21:33.982 [main] INFO  o.s.c.n.eureka.InstanceInfoFactory
				-Setting initial instance status as: STARTING
2019-06-26 00:21:34.055 [main] INFO  c.netflix.discovery.DiscoveryClient
				-Initializing Eureka in region us-east-1
2019-06-26 00:21:34.055 [main] INFO  c.netflix.discovery.DiscoveryClient
				-Client configured to neither register nor query for data.
2019-06-26 00:21:34.067 [main] INFO  c.netflix.discovery.DiscoveryClient
				-Discovery Client initialized at timestamp 1561519294065 with initial instances count: 0
2019-06-26 00:21:34.116 [main] INFO  c.n.e.DefaultEurekaServerContext
				-Initializing ...
2019-06-26 00:21:34.118 [main] WARN  c.n.eureka.cluster.PeerEurekaNodes
				-The replica size seems to be empty. Check the route 53 DNS Registry
2019-06-26 00:21:34.136 [main] INFO  c.n.e.r.AbstractInstanceRegistry
				-Finished initializing remote region registries. All known remote regions: []
2019-06-26 00:21:34.137 [main] INFO  c.n.e.DefaultEurekaServerContext
				-Initialized
2019-06-26 00:21:34.152 [main] INFO  o.s.b.a.e.web.EndpointLinksResolver
				-Exposing 2 endpoint(s) beneath base path '/actuator'
2019-06-26 00:21:34.243 [main] INFO  o.s.c.n.e.s.EurekaServiceRegistry
				-Registering application UNKNOWN with eureka with status UP
2019-06-26 00:21:34.246 [Thread-11] INFO  o.s.c.n.e.s.EurekaServerBootstrap
				-Setting the eureka configuration..
2019-06-26 00:21:34.247 [Thread-11] INFO  o.s.c.n.e.s.EurekaServerBootstrap
				-Eureka data center value eureka.datacenter is not set, defaulting to default
2019-06-26 00:21:34.247 [Thread-11] INFO  o.s.c.n.e.s.EurekaServerBootstrap
				-Eureka environment value eureka.environment is not set, defaulting to test
2019-06-26 00:21:34.266 [Thread-11] INFO  o.s.c.n.e.s.EurekaServerBootstrap
				-isAws returned false
2019-06-26 00:21:34.266 [main] INFO  o.a.coyote.http11.Http11NioProtocol
				-Starting ProtocolHandler ["http-nio-8888"]
2019-06-26 00:21:34.267 [Thread-11] INFO  o.s.c.n.e.s.EurekaServerBootstrap
				-Initialized server context
2019-06-26 00:21:34.267 [Thread-11] INFO  c.n.e.r.PeerAwareInstanceRegistryImpl
				-Got 1 instances from neighboring DS node
2019-06-26 00:21:34.267 [Thread-11] INFO  c.n.e.r.PeerAwareInstanceRegistryImpl
				-Renew threshold is: 1
2019-06-26 00:21:34.267 [Thread-11] INFO  c.n.e.r.PeerAwareInstanceRegistryImpl
				-Changing status to UP
2019-06-26 00:21:34.279 [Thread-11] INFO  o.s.c.n.e.s.EurekaServerInitializerConfiguration
				-Started Eureka Server
2019-06-26 00:21:34.308 [main] INFO  o.s.b.w.e.tomcat.TomcatWebServer
				-Tomcat started on port(s): 8888 (http) with context path ''
2019-06-26 00:21:34.309 [main] INFO  o.s.c.n.e.s.EurekaAutoServiceRegistration
				-Updating port to 8888
2019-06-26 00:21:34.311 [main] INFO  c.s.sample.EurekaServerApplication
				-Started EurekaServerApplication in 5.86 seconds (JVM running for 6.457)
2019-06-26 00:21:50.251 [http-nio-8888-exec-1] INFO  o.a.c.c.C.[Tomcat].[localhost].[/]
				-Initializing Spring DispatcherServlet 'dispatcherServlet'
2019-06-26 00:21:50.251 [http-nio-8888-exec-1] INFO  o.s.web.servlet.DispatcherServlet
				-Initializing Servlet 'dispatcherServlet'
2019-06-26 00:21:50.269 [http-nio-8888-exec-1] INFO  o.s.web.servlet.DispatcherServlet
				-Completed initialization in 18 ms
2019-06-26 00:21:50.831 [http-nio-8888-exec-2] INFO  c.n.e.r.AbstractInstanceRegistry
				-Registered instance CLIENT-A/192.168.1.156:client-a:7070 with status UP (replication=false)
2019-06-26 00:21:58.692 [http-nio-8888-exec-4] INFO  c.n.e.r.AbstractInstanceRegistry
				-Registered instance ZUUL-SERVER/192.168.1.156:zuul-server:5555 with status UP (replication=false)
2019-06-26 00:22:34.268 [Eureka-EvictionTimer] INFO  c.n.e.r.AbstractInstanceRegistry
				-Running the evict task with compensationTime 0ms
2019-06-26 00:23:34.268 [Eureka-EvictionTimer] INFO  c.n.e.r.AbstractInstanceRegistry
				-Running the evict task with compensationTime 0ms
2019-06-26 00:23:36.607 [http-nio-8888-exec-9] INFO  c.n.e.r.AbstractInstanceRegistry
				-Registered instance ZUUL-SERVER/192.168.1.156:zuul-server:5555 with status DOWN (replication=false)
2019-06-26 00:23:39.634 [http-nio-8888-exec-10] INFO  c.n.e.r.AbstractInstanceRegistry
				-Cancelled instance ZUUL-SERVER/192.168.1.156:zuul-server:5555 (replication=false)
2019-06-26 00:24:34.268 [Eureka-EvictionTimer] INFO  c.n.e.r.AbstractInstanceRegistry
				-Running the evict task with compensationTime 0ms
2019-06-26 00:25:34.268 [Eureka-EvictionTimer] INFO  c.n.e.r.AbstractInstanceRegistry
				-Running the evict task with compensationTime 0ms
2019-06-26 00:26:34.268 [Eureka-EvictionTimer] INFO  c.n.e.r.AbstractInstanceRegistry
				-Running the evict task with compensationTime 0ms
2019-06-26 00:27:34.268 [Eureka-EvictionTimer] INFO  c.n.e.r.AbstractInstanceRegistry
				-Running the evict task with compensationTime 0ms
2019-06-26 00:28:06.865 [Thread-13] INFO  o.s.c.n.e.s.EurekaServiceRegistry
				-Unregistering application UNKNOWN with eureka with status DOWN
2019-06-26 00:28:06.868 [Thread-13] INFO  c.n.e.DefaultEurekaServerContext
				-Shutting down ...
2019-06-26 00:28:06.874 [Thread-13] INFO  c.n.e.DefaultEurekaServerContext
				-Shut down
2019-06-26 00:28:06.880 [http-nio-8888-exec-10] INFO  c.n.e.r.AbstractInstanceRegistry
				-Registered instance CLIENT-A/192.168.1.156:client-a:7070 with status DOWN (replication=false)
2019-06-26 00:28:06.884 [Thread-13] INFO  o.s.s.c.ThreadPoolTaskExecutor
				-Shutting down ExecutorService 'applicationTaskExecutor'
2019-06-26 00:28:06.888 [Thread-13] INFO  c.netflix.discovery.DiscoveryClient
				-Shutting down DiscoveryClient ...
2019-06-26 00:28:06.888 [Thread-13] INFO  c.netflix.discovery.DiscoveryClient
				-Completed shut down of DiscoveryClient
2019-06-26 00:28:23.558 [main] INFO  o.s.c.s.PostProcessorRegistrationDelegate$BeanPostProcessorChecker
				-Bean 'org.springframework.cloud.autoconfigure.ConfigurationPropertiesRebinderAutoConfiguration' of type [org.springframework.cloud.autoconfigure.ConfigurationPropertiesRebinderAutoConfiguration$$EnhancerBySpringCGLIB$$a2e42a6b] is not eligible for getting processed by all BeanPostProcessors (for example: not eligible for auto-proxying)
2019-06-26 00:28:23.696 [main] INFO  c.s.sample.EurekaServerApplication
				-No active profile set, falling back to default profiles: default
2019-06-26 00:28:24.617 [main] WARN  o.s.boot.actuate.endpoint.EndpointId
				-Endpoint ID 'service-registry' contains invalid characters, please migrate to a valid format.
2019-06-26 00:28:24.948 [main] INFO  o.s.cloud.context.scope.GenericScope
				-BeanFactory id=70732503-b5f4-38d3-8aa5-7fe93f9c0d3b
2019-06-26 00:28:25.083 [main] INFO  o.s.c.s.PostProcessorRegistrationDelegate$BeanPostProcessorChecker
				-Bean 'org.springframework.cloud.autoconfigure.ConfigurationPropertiesRebinderAutoConfiguration' of type [org.springframework.cloud.autoconfigure.ConfigurationPropertiesRebinderAutoConfiguration$$EnhancerBySpringCGLIB$$a2e42a6b] is not eligible for getting processed by all BeanPostProcessors (for example: not eligible for auto-proxying)
2019-06-26 00:28:25.468 [main] INFO  o.s.b.w.e.tomcat.TomcatWebServer
				-Tomcat initialized with port(s): 8888 (http)
2019-06-26 00:28:25.487 [main] INFO  o.a.coyote.http11.Http11NioProtocol
				-Initializing ProtocolHandler ["http-nio-8888"]
2019-06-26 00:28:25.498 [main] INFO  o.a.catalina.core.StandardService
				-Starting service [Tomcat]
2019-06-26 00:28:25.498 [main] INFO  o.a.catalina.core.StandardEngine
				-Starting Servlet engine: [Apache Tomcat/9.0.17]
2019-06-26 00:28:25.622 [main] INFO  o.a.c.c.C.[Tomcat].[localhost].[/]
				-Initializing Spring embedded WebApplicationContext
2019-06-26 00:28:25.623 [main] INFO  o.s.web.context.ContextLoader
				-Root WebApplicationContext: initialization completed in 1912 ms
2019-06-26 00:28:25.746 [main] WARN  c.n.c.sources.URLConfigurationSource
				-No URLs will be polled as dynamic configuration sources.
2019-06-26 00:28:25.746 [main] INFO  c.n.c.sources.URLConfigurationSource
				-To enable URLs as dynamic configuration sources, define System property archaius.configurationSource.additionalUrls or make config.properties available on classpath.
2019-06-26 00:28:25.760 [main] INFO  c.n.config.DynamicPropertyFactory
				-DynamicPropertyFactory is initialized with configuration sources: com.netflix.config.ConcurrentCompositeConfiguration@5c5d6175
2019-06-26 00:28:26.439 [main] INFO  c.s.j.s.i.a.WebApplicationImpl
				-Initiating Jersey application, version 'Jersey: 1.19.1 03/11/2016 02:08 PM'
2019-06-26 00:28:26.507 [main] INFO  c.n.d.p.DiscoveryJerseyProvider
				-Using JSON encoding codec LegacyJacksonJson
2019-06-26 00:28:26.509 [main] INFO  c.n.d.p.DiscoveryJerseyProvider
				-Using JSON decoding codec LegacyJacksonJson
2019-06-26 00:28:26.665 [main] INFO  c.n.d.p.DiscoveryJerseyProvider
				-Using XML encoding codec XStreamXml
2019-06-26 00:28:26.666 [main] INFO  c.n.d.p.DiscoveryJerseyProvider
				-Using XML decoding codec XStreamXml
2019-06-26 00:28:26.983 [main] WARN  o.s.c.n.a.ArchaiusAutoConfiguration
				-No spring.application.name found, defaulting to 'application'
2019-06-26 00:28:26.984 [main] WARN  c.n.c.sources.URLConfigurationSource
				-No URLs will be polled as dynamic configuration sources.
2019-06-26 00:28:26.984 [main] INFO  c.n.c.sources.URLConfigurationSource
				-To enable URLs as dynamic configuration sources, define System property archaius.configurationSource.additionalUrls or make config.properties available on classpath.
2019-06-26 00:28:27.200 [main] INFO  o.s.s.c.ThreadPoolTaskExecutor
				-Initializing ExecutorService 'applicationTaskExecutor'
2019-06-26 00:28:27.823 [main] INFO  o.s.c.n.eureka.InstanceInfoFactory
				-Setting initial instance status as: STARTING
2019-06-26 00:28:27.857 [main] INFO  c.netflix.discovery.DiscoveryClient
				-Initializing Eureka in region us-east-1
2019-06-26 00:28:27.858 [main] INFO  c.netflix.discovery.DiscoveryClient
				-Client configured to neither register nor query for data.
2019-06-26 00:28:27.870 [main] INFO  c.netflix.discovery.DiscoveryClient
				-Discovery Client initialized at timestamp 1561519707869 with initial instances count: 0
2019-06-26 00:28:27.917 [main] INFO  c.n.e.DefaultEurekaServerContext
				-Initializing ...
2019-06-26 00:28:27.920 [main] WARN  c.n.eureka.cluster.PeerEurekaNodes
				-The replica size seems to be empty. Check the route 53 DNS Registry
2019-06-26 00:28:27.937 [main] INFO  c.n.e.r.AbstractInstanceRegistry
				-Finished initializing remote region registries. All known remote regions: []
2019-06-26 00:28:27.939 [main] INFO  c.n.e.DefaultEurekaServerContext
				-Initialized
2019-06-26 00:28:27.953 [main] INFO  o.s.b.a.e.web.EndpointLinksResolver
				-Exposing 2 endpoint(s) beneath base path '/actuator'
2019-06-26 00:28:28.045 [main] INFO  o.s.c.n.e.s.EurekaServiceRegistry
				-Registering application UNKNOWN with eureka with status UP
2019-06-26 00:28:28.048 [Thread-11] INFO  o.s.c.n.e.s.EurekaServerBootstrap
				-Setting the eureka configuration..
2019-06-26 00:28:28.049 [Thread-11] INFO  o.s.c.n.e.s.EurekaServerBootstrap
				-Eureka data center value eureka.datacenter is not set, defaulting to default
2019-06-26 00:28:28.050 [Thread-11] INFO  o.s.c.n.e.s.EurekaServerBootstrap
				-Eureka environment value eureka.environment is not set, defaulting to test
2019-06-26 00:28:28.078 [main] INFO  o.a.coyote.http11.Http11NioProtocol
				-Starting ProtocolHandler ["http-nio-8888"]
2019-06-26 00:28:28.085 [Thread-11] INFO  o.s.c.n.e.s.EurekaServerBootstrap
				-isAws returned false
2019-06-26 00:28:28.086 [Thread-11] INFO  o.s.c.n.e.s.EurekaServerBootstrap
				-Initialized server context
2019-06-26 00:28:28.086 [Thread-11] INFO  c.n.e.r.PeerAwareInstanceRegistryImpl
				-Got 1 instances from neighboring DS node
2019-06-26 00:28:28.086 [Thread-11] INFO  c.n.e.r.PeerAwareInstanceRegistryImpl
				-Renew threshold is: 1
2019-06-26 00:28:28.086 [Thread-11] INFO  c.n.e.r.PeerAwareInstanceRegistryImpl
				-Changing status to UP
2019-06-26 00:28:28.099 [Thread-11] INFO  o.s.c.n.e.s.EurekaServerInitializerConfiguration
				-Started Eureka Server
2019-06-26 00:28:28.164 [main] INFO  o.s.b.w.e.tomcat.TomcatWebServer
				-Tomcat started on port(s): 8888 (http) with context path ''
2019-06-26 00:28:28.165 [main] INFO  o.s.c.n.e.s.EurekaAutoServiceRegistration
				-Updating port to 8888
2019-06-26 00:28:28.168 [main] INFO  c.s.sample.EurekaServerApplication
				-Started EurekaServerApplication in 5.569 seconds (JVM running for 6.183)
2019-06-26 00:29:18.557 [Thread-13] INFO  o.s.c.n.e.s.EurekaServiceRegistry
				-Unregistering application UNKNOWN with eureka with status DOWN
2019-06-26 00:29:18.560 [Thread-13] INFO  c.n.e.DefaultEurekaServerContext
				-Shutting down ...
2019-06-26 00:29:18.563 [Thread-13] INFO  c.n.e.DefaultEurekaServerContext
				-Shut down
2019-06-26 00:29:18.566 [Thread-13] INFO  o.s.s.c.ThreadPoolTaskExecutor
				-Shutting down ExecutorService 'applicationTaskExecutor'
2019-06-26 00:29:18.570 [Thread-13] INFO  c.netflix.discovery.DiscoveryClient
				-Shutting down DiscoveryClient ...
2019-06-26 00:29:18.571 [Thread-13] INFO  c.netflix.discovery.DiscoveryClient
				-Completed shut down of DiscoveryClient
2019-06-26 00:29:29.909 [main] INFO  o.s.c.s.PostProcessorRegistrationDelegate$BeanPostProcessorChecker
				-Bean 'org.springframework.cloud.autoconfigure.ConfigurationPropertiesRebinderAutoConfiguration' of type [org.springframework.cloud.autoconfigure.ConfigurationPropertiesRebinderAutoConfiguration$$EnhancerBySpringCGLIB$$521f90cc] is not eligible for getting processed by all BeanPostProcessors (for example: not eligible for auto-proxying)
2019-06-26 00:29:30.047 [main] INFO  c.s.sample.EurekaServerApplication
				-No active profile set, falling back to default profiles: default
2019-06-26 00:29:30.935 [main] WARN  o.s.boot.actuate.endpoint.EndpointId
				-Endpoint ID 'service-registry' contains invalid characters, please migrate to a valid format.
2019-06-26 00:29:31.239 [main] INFO  o.s.cloud.context.scope.GenericScope
				-BeanFactory id=70732503-b5f4-38d3-8aa5-7fe93f9c0d3b
2019-06-26 00:29:31.349 [main] INFO  o.s.c.s.PostProcessorRegistrationDelegate$BeanPostProcessorChecker
				-Bean 'org.springframework.cloud.autoconfigure.ConfigurationPropertiesRebinderAutoConfiguration' of type [org.springframework.cloud.autoconfigure.ConfigurationPropertiesRebinderAutoConfiguration$$EnhancerBySpringCGLIB$$521f90cc] is not eligible for getting processed by all BeanPostProcessors (for example: not eligible for auto-proxying)
2019-06-26 00:29:31.724 [main] INFO  o.s.b.w.e.tomcat.TomcatWebServer
				-Tomcat initialized with port(s): 8888 (http)
2019-06-26 00:29:31.742 [main] INFO  o.a.coyote.http11.Http11NioProtocol
				-Initializing ProtocolHandler ["http-nio-8888"]
2019-06-26 00:29:31.754 [main] INFO  o.a.catalina.core.StandardService
				-Starting service [Tomcat]
2019-06-26 00:29:31.754 [main] INFO  o.a.catalina.core.StandardEngine
				-Starting Servlet engine: [Apache Tomcat/9.0.17]
2019-06-26 00:29:31.883 [main] INFO  o.a.c.c.C.[Tomcat].[localhost].[/]
				-Initializing Spring embedded WebApplicationContext
2019-06-26 00:29:31.883 [main] INFO  o.s.web.context.ContextLoader
				-Root WebApplicationContext: initialization completed in 1818 ms
2019-06-26 00:29:32.013 [main] WARN  c.n.c.sources.URLConfigurationSource
				-No URLs will be polled as dynamic configuration sources.
2019-06-26 00:29:32.013 [main] INFO  c.n.c.sources.URLConfigurationSource
				-To enable URLs as dynamic configuration sources, define System property archaius.configurationSource.additionalUrls or make config.properties available on classpath.
2019-06-26 00:29:32.029 [main] INFO  c.n.config.DynamicPropertyFactory
				-DynamicPropertyFactory is initialized with configuration sources: com.netflix.config.ConcurrentCompositeConfiguration@4fa9ab6
2019-06-26 00:29:32.703 [main] INFO  c.s.j.s.i.a.WebApplicationImpl
				-Initiating Jersey application, version 'Jersey: 1.19.1 03/11/2016 02:08 PM'
2019-06-26 00:29:32.773 [main] INFO  c.n.d.p.DiscoveryJerseyProvider
				-Using JSON encoding codec LegacyJacksonJson
2019-06-26 00:29:32.775 [main] INFO  c.n.d.p.DiscoveryJerseyProvider
				-Using JSON decoding codec LegacyJacksonJson
2019-06-26 00:29:32.927 [main] INFO  c.n.d.p.DiscoveryJerseyProvider
				-Using XML encoding codec XStreamXml
2019-06-26 00:29:32.927 [main] INFO  c.n.d.p.DiscoveryJerseyProvider
				-Using XML decoding codec XStreamXml
2019-06-26 00:29:33.250 [main] WARN  o.s.c.n.a.ArchaiusAutoConfiguration
				-No spring.application.name found, defaulting to 'application'
2019-06-26 00:29:33.251 [main] WARN  c.n.c.sources.URLConfigurationSource
				-No URLs will be polled as dynamic configuration sources.
2019-06-26 00:29:33.251 [main] INFO  c.n.c.sources.URLConfigurationSource
				-To enable URLs as dynamic configuration sources, define System property archaius.configurationSource.additionalUrls or make config.properties available on classpath.
2019-06-26 00:29:33.483 [main] INFO  o.s.s.c.ThreadPoolTaskExecutor
				-Initializing ExecutorService 'applicationTaskExecutor'
2019-06-26 00:29:34.172 [main] INFO  o.s.c.n.eureka.InstanceInfoFactory
				-Setting initial instance status as: STARTING
2019-06-26 00:29:34.210 [main] INFO  c.netflix.discovery.DiscoveryClient
				-Initializing Eureka in region us-east-1
2019-06-26 00:29:34.210 [main] INFO  c.netflix.discovery.DiscoveryClient
				-Client configured to neither register nor query for data.
2019-06-26 00:29:34.223 [main] INFO  c.netflix.discovery.DiscoveryClient
				-Discovery Client initialized at timestamp 1561519774221 with initial instances count: 0
2019-06-26 00:29:34.277 [main] INFO  c.n.e.DefaultEurekaServerContext
				-Initializing ...
2019-06-26 00:29:34.280 [main] WARN  c.n.eureka.cluster.PeerEurekaNodes
				-The replica size seems to be empty. Check the route 53 DNS Registry
2019-06-26 00:29:34.301 [main] INFO  c.n.e.r.AbstractInstanceRegistry
				-Finished initializing remote region registries. All known remote regions: []
2019-06-26 00:29:34.302 [main] INFO  c.n.e.DefaultEurekaServerContext
				-Initialized
2019-06-26 00:29:34.319 [main] INFO  o.s.b.a.e.web.EndpointLinksResolver
				-Exposing 2 endpoint(s) beneath base path '/actuator'
2019-06-26 00:29:34.466 [main] INFO  o.s.c.n.e.s.EurekaServiceRegistry
				-Registering application UNKNOWN with eureka with status UP
2019-06-26 00:29:34.473 [Thread-11] INFO  o.s.c.n.e.s.EurekaServerBootstrap
				-Setting the eureka configuration..
2019-06-26 00:29:34.474 [Thread-11] INFO  o.s.c.n.e.s.EurekaServerBootstrap
				-Eureka data center value eureka.datacenter is not set, defaulting to default
2019-06-26 00:29:34.475 [Thread-11] INFO  o.s.c.n.e.s.EurekaServerBootstrap
				-Eureka environment value eureka.environment is not set, defaulting to test
2019-06-26 00:29:34.506 [Thread-11] INFO  o.s.c.n.e.s.EurekaServerBootstrap
				-isAws returned false
2019-06-26 00:29:34.506 [main] INFO  o.a.coyote.http11.Http11NioProtocol
				-Starting ProtocolHandler ["http-nio-8888"]
2019-06-26 00:29:34.507 [Thread-11] INFO  o.s.c.n.e.s.EurekaServerBootstrap
				-Initialized server context
2019-06-26 00:29:34.507 [Thread-11] INFO  c.n.e.r.PeerAwareInstanceRegistryImpl
				-Got 1 instances from neighboring DS node
2019-06-26 00:29:34.507 [Thread-11] INFO  c.n.e.r.PeerAwareInstanceRegistryImpl
				-Renew threshold is: 1
2019-06-26 00:29:34.508 [Thread-11] INFO  c.n.e.r.PeerAwareInstanceRegistryImpl
				-Changing status to UP
2019-06-26 00:29:34.520 [Thread-11] INFO  o.s.c.n.e.s.EurekaServerInitializerConfiguration
				-Started Eureka Server
2019-06-26 00:29:34.569 [main] INFO  o.s.b.w.e.tomcat.TomcatWebServer
				-Tomcat started on port(s): 8888 (http) with context path ''
2019-06-26 00:29:34.570 [main] INFO  o.s.c.n.e.s.EurekaAutoServiceRegistration
				-Updating port to 8888
2019-06-26 00:29:34.572 [main] INFO  c.s.sample.EurekaServerApplication
				-Started EurekaServerApplication in 5.616 seconds (JVM running for 6.246)
2019-06-26 00:29:51.174 [http-nio-8888-exec-1] INFO  o.a.c.c.C.[Tomcat].[localhost].[/]
				-Initializing Spring DispatcherServlet 'dispatcherServlet'
2019-06-26 00:29:51.174 [http-nio-8888-exec-1] INFO  o.s.web.servlet.DispatcherServlet
				-Initializing Servlet 'dispatcherServlet'
2019-06-26 00:29:51.183 [http-nio-8888-exec-1] INFO  o.s.web.servlet.DispatcherServlet
				-Completed initialization in 9 ms
2019-06-26 00:29:51.709 [http-nio-8888-exec-2] INFO  c.n.e.r.AbstractInstanceRegistry
				-Registered instance CLIENT-A/192.168.1.156:client-a:7070 with status UP (replication=false)
2019-06-26 00:29:59.981 [http-nio-8888-exec-4] INFO  c.n.e.r.AbstractInstanceRegistry
				-Registered instance ZUUL-SERVER/192.168.1.156:zuul-server:5555 with status UP (replication=false)
2019-06-26 00:30:34.510 [Eureka-EvictionTimer] INFO  c.n.e.r.AbstractInstanceRegistry
				-Running the evict task with compensationTime 0ms
2019-06-26 00:31:34.510 [Eureka-EvictionTimer] INFO  c.n.e.r.AbstractInstanceRegistry
				-Running the evict task with compensationTime 0ms
2019-06-26 00:32:18.145 [Thread-13] INFO  o.s.c.n.e.s.EurekaServiceRegistry
				-Unregistering application UNKNOWN with eureka with status DOWN
2019-06-26 00:32:18.148 [Thread-13] INFO  c.n.e.DefaultEurekaServerContext
				-Shutting down ...
2019-06-26 00:32:18.156 [Thread-13] INFO  c.n.e.DefaultEurekaServerContext
				-Shut down
2019-06-26 00:32:18.164 [http-nio-8888-exec-3] INFO  c.n.e.r.AbstractInstanceRegistry
				-Registered instance CLIENT-A/192.168.1.156:client-a:7070 with status DOWN (replication=false)
2019-06-26 00:32:18.168 [Thread-13] INFO  o.s.s.c.ThreadPoolTaskExecutor
				-Shutting down ExecutorService 'applicationTaskExecutor'
2019-06-26 00:32:18.182 [Thread-13] INFO  c.netflix.discovery.DiscoveryClient
				-Shutting down DiscoveryClient ...
2019-06-26 00:32:18.183 [Thread-13] INFO  c.netflix.discovery.DiscoveryClient
				-Completed shut down of DiscoveryClient
2019-06-26 00:37:08.716 [main] INFO  o.s.c.s.PostProcessorRegistrationDelegate$BeanPostProcessorChecker
				-Bean 'org.springframework.cloud.autoconfigure.ConfigurationPropertiesRebinderAutoConfiguration' of type [org.springframework.cloud.autoconfigure.ConfigurationPropertiesRebinderAutoConfiguration$$EnhancerBySpringCGLIB$$7b560c47] is not eligible for getting processed by all BeanPostProcessors (for example: not eligible for auto-proxying)
2019-06-26 00:37:08.857 [main] INFO  c.s.sample.EurekaServerApplication
				-No active profile set, falling back to default profiles: default
2019-06-26 00:37:09.680 [main] WARN  o.s.boot.actuate.endpoint.EndpointId
				-Endpoint ID 'service-registry' contains invalid characters, please migrate to a valid format.
2019-06-26 00:37:10.003 [main] INFO  o.s.cloud.context.scope.GenericScope
				-BeanFactory id=70732503-b5f4-38d3-8aa5-7fe93f9c0d3b
2019-06-26 00:37:10.119 [main] INFO  o.s.c.s.PostProcessorRegistrationDelegate$BeanPostProcessorChecker
				-Bean 'org.springframework.cloud.autoconfigure.ConfigurationPropertiesRebinderAutoConfiguration' of type [org.springframework.cloud.autoconfigure.ConfigurationPropertiesRebinderAutoConfiguration$$EnhancerBySpringCGLIB$$7b560c47] is not eligible for getting processed by all BeanPostProcessors (for example: not eligible for auto-proxying)
2019-06-26 00:37:10.506 [main] INFO  o.s.b.w.e.tomcat.TomcatWebServer
				-Tomcat initialized with port(s): 8888 (http)
2019-06-26 00:37:10.526 [main] INFO  o.a.coyote.http11.Http11NioProtocol
				-Initializing ProtocolHandler ["http-nio-8888"]
2019-06-26 00:37:10.541 [main] INFO  o.a.catalina.core.StandardService
				-Starting service [Tomcat]
2019-06-26 00:37:10.541 [main] INFO  o.a.catalina.core.StandardEngine
				-Starting Servlet engine: [Apache Tomcat/9.0.17]
2019-06-26 00:37:10.666 [main] INFO  o.a.c.c.C.[Tomcat].[localhost].[/]
				-Initializing Spring embedded WebApplicationContext
2019-06-26 00:37:10.666 [main] INFO  o.s.web.context.ContextLoader
				-Root WebApplicationContext: initialization completed in 1791 ms
2019-06-26 00:37:10.788 [main] WARN  c.n.c.sources.URLConfigurationSource
				-No URLs will be polled as dynamic configuration sources.
2019-06-26 00:37:10.789 [main] INFO  c.n.c.sources.URLConfigurationSource
				-To enable URLs as dynamic configuration sources, define System property archaius.configurationSource.additionalUrls or make config.properties available on classpath.
2019-06-26 00:37:10.804 [main] INFO  c.n.config.DynamicPropertyFactory
				-DynamicPropertyFactory is initialized with configuration sources: com.netflix.config.ConcurrentCompositeConfiguration@79a04e5f
2019-06-26 00:37:11.483 [main] INFO  c.s.j.s.i.a.WebApplicationImpl
				-Initiating Jersey application, version 'Jersey: 1.19.1 03/11/2016 02:08 PM'
2019-06-26 00:37:11.545 [main] INFO  c.n.d.p.DiscoveryJerseyProvider
				-Using JSON encoding codec LegacyJacksonJson
2019-06-26 00:37:11.547 [main] INFO  c.n.d.p.DiscoveryJerseyProvider
				-Using JSON decoding codec LegacyJacksonJson
2019-06-26 00:37:11.673 [main] INFO  c.n.d.p.DiscoveryJerseyProvider
				-Using XML encoding codec XStreamXml
2019-06-26 00:37:11.673 [main] INFO  c.n.d.p.DiscoveryJerseyProvider
				-Using XML decoding codec XStreamXml
2019-06-26 00:37:11.983 [main] WARN  o.s.c.n.a.ArchaiusAutoConfiguration
				-No spring.application.name found, defaulting to 'application'
2019-06-26 00:37:11.983 [main] WARN  c.n.c.sources.URLConfigurationSource
				-No URLs will be polled as dynamic configuration sources.
2019-06-26 00:37:11.983 [main] INFO  c.n.c.sources.URLConfigurationSource
				-To enable URLs as dynamic configuration sources, define System property archaius.configurationSource.additionalUrls or make config.properties available on classpath.
2019-06-26 00:37:12.184 [main] INFO  o.s.s.c.ThreadPoolTaskExecutor
				-Initializing ExecutorService 'applicationTaskExecutor'
2019-06-26 00:37:12.837 [main] INFO  o.s.c.n.eureka.InstanceInfoFactory
				-Setting initial instance status as: STARTING
2019-06-26 00:37:12.872 [main] INFO  c.netflix.discovery.DiscoveryClient
				-Initializing Eureka in region us-east-1
2019-06-26 00:37:12.872 [main] INFO  c.netflix.discovery.DiscoveryClient
				-Client configured to neither register nor query for data.
2019-06-26 00:37:12.882 [main] INFO  c.netflix.discovery.DiscoveryClient
				-Discovery Client initialized at timestamp 1561520232880 with initial instances count: 0
2019-06-26 00:37:12.924 [main] INFO  c.n.e.DefaultEurekaServerContext
				-Initializing ...
2019-06-26 00:37:12.927 [main] WARN  c.n.eureka.cluster.PeerEurekaNodes
				-The replica size seems to be empty. Check the route 53 DNS Registry
2019-06-26 00:37:12.949 [main] INFO  c.n.e.r.AbstractInstanceRegistry
				-Finished initializing remote region registries. All known remote regions: []
2019-06-26 00:37:12.950 [main] INFO  c.n.e.DefaultEurekaServerContext
				-Initialized
2019-06-26 00:37:12.968 [main] INFO  o.s.b.a.e.web.EndpointLinksResolver
				-Exposing 2 endpoint(s) beneath base path '/actuator'
2019-06-26 00:37:13.058 [main] INFO  o.s.c.n.e.s.EurekaServiceRegistry
				-Registering application UNKNOWN with eureka with status UP
2019-06-26 00:37:13.062 [Thread-11] INFO  o.s.c.n.e.s.EurekaServerBootstrap
				-Setting the eureka configuration..
2019-06-26 00:37:13.062 [Thread-11] INFO  o.s.c.n.e.s.EurekaServerBootstrap
				-Eureka data center value eureka.datacenter is not set, defaulting to default
2019-06-26 00:37:13.063 [Thread-11] INFO  o.s.c.n.e.s.EurekaServerBootstrap
				-Eureka environment value eureka.environment is not set, defaulting to test
2019-06-26 00:37:13.090 [Thread-11] INFO  o.s.c.n.e.s.EurekaServerBootstrap
				-isAws returned false
2019-06-26 00:37:13.090 [main] INFO  o.a.coyote.http11.Http11NioProtocol
				-Starting ProtocolHandler ["http-nio-8888"]
2019-06-26 00:37:13.090 [Thread-11] INFO  o.s.c.n.e.s.EurekaServerBootstrap
				-Initialized server context
2019-06-26 00:37:13.091 [Thread-11] INFO  c.n.e.r.PeerAwareInstanceRegistryImpl
				-Got 1 instances from neighboring DS node
2019-06-26 00:37:13.091 [Thread-11] INFO  c.n.e.r.PeerAwareInstanceRegistryImpl
				-Renew threshold is: 1
2019-06-26 00:37:13.091 [Thread-11] INFO  c.n.e.r.PeerAwareInstanceRegistryImpl
				-Changing status to UP
2019-06-26 00:37:13.104 [Thread-11] INFO  o.s.c.n.e.s.EurekaServerInitializerConfiguration
				-Started Eureka Server
2019-06-26 00:37:13.144 [main] INFO  o.s.b.w.e.tomcat.TomcatWebServer
				-Tomcat started on port(s): 8888 (http) with context path ''
2019-06-26 00:37:13.145 [main] INFO  o.s.c.n.e.s.EurekaAutoServiceRegistration
				-Updating port to 8888
2019-06-26 00:37:13.147 [main] INFO  c.s.sample.EurekaServerApplication
				-Started EurekaServerApplication in 5.38 seconds (JVM running for 5.957)
2019-06-26 00:37:29.415 [http-nio-8888-exec-1] INFO  o.a.c.c.C.[Tomcat].[localhost].[/]
				-Initializing Spring DispatcherServlet 'dispatcherServlet'
2019-06-26 00:37:29.416 [http-nio-8888-exec-1] INFO  o.s.web.servlet.DispatcherServlet
				-Initializing Servlet 'dispatcherServlet'
2019-06-26 00:37:29.429 [http-nio-8888-exec-1] INFO  o.s.web.servlet.DispatcherServlet
				-Completed initialization in 13 ms
2019-06-26 00:37:29.868 [http-nio-8888-exec-2] INFO  c.n.e.r.AbstractInstanceRegistry
				-Registered instance CLIENT-A/192.168.1.156:client-a:7070 with status UP (replication=false)
2019-06-26 00:37:29.886 [http-nio-8888-exec-3] INFO  c.n.e.r.AbstractInstanceRegistry
				-Cancelled instance CLIENT-A/192.168.1.156:client-a:7070 (replication=false)
2019-06-26 00:37:37.967 [http-nio-8888-exec-6] INFO  c.n.e.r.AbstractInstanceRegistry
				-Registered instance ZUUL-SERVER/192.168.1.156:zuul-server:5555 with status UP (replication=false)
2019-06-26 00:38:13.092 [Eureka-EvictionTimer] INFO  c.n.e.r.AbstractInstanceRegistry
				-Running the evict task with compensationTime 0ms
2019-06-26 00:38:56.058 [Thread-13] INFO  o.s.c.n.e.s.EurekaServiceRegistry
				-Unregistering application UNKNOWN with eureka with status DOWN
2019-06-26 00:38:56.060 [Thread-13] INFO  c.n.e.DefaultEurekaServerContext
				-Shutting down ...
2019-06-26 00:38:56.067 [Thread-13] INFO  c.n.e.DefaultEurekaServerContext
				-Shut down
2019-06-26 00:38:56.078 [Thread-13] INFO  o.s.s.c.ThreadPoolTaskExecutor
				-Shutting down ExecutorService 'applicationTaskExecutor'
2019-06-26 00:38:56.082 [Thread-13] INFO  c.netflix.discovery.DiscoveryClient
				-Shutting down DiscoveryClient ...
2019-06-26 00:38:56.083 [Thread-13] INFO  c.netflix.discovery.DiscoveryClient
				-Completed shut down of DiscoveryClient
2019-06-26 00:38:56.084 [http-nio-8888-exec-1] INFO  c.n.e.r.AbstractInstanceRegistry
				-Registered instance ZUUL-SERVER/192.168.1.156:zuul-server:5555 with status DOWN (replication=false)
2019-06-26 00:39:04.101 [main] INFO  o.s.c.s.PostProcessorRegistrationDelegate$BeanPostProcessorChecker
				-Bean 'org.springframework.cloud.autoconfigure.ConfigurationPropertiesRebinderAutoConfiguration' of type [org.springframework.cloud.autoconfigure.ConfigurationPropertiesRebinderAutoConfiguration$$EnhancerBySpringCGLIB$$40ebc668] is not eligible for getting processed by all BeanPostProcessors (for example: not eligible for auto-proxying)
2019-06-26 00:39:04.246 [main] INFO  c.s.sample.EurekaServerApplication
				-No active profile set, falling back to default profiles: default
2019-06-26 00:39:05.213 [main] WARN  o.s.boot.actuate.endpoint.EndpointId
				-Endpoint ID 'service-registry' contains invalid characters, please migrate to a valid format.
2019-06-26 00:39:05.560 [main] INFO  o.s.cloud.context.scope.GenericScope
				-BeanFactory id=70732503-b5f4-38d3-8aa5-7fe93f9c0d3b
2019-06-26 00:39:05.696 [main] INFO  o.s.c.s.PostProcessorRegistrationDelegate$BeanPostProcessorChecker
				-Bean 'org.springframework.cloud.autoconfigure.ConfigurationPropertiesRebinderAutoConfiguration' of type [org.springframework.cloud.autoconfigure.ConfigurationPropertiesRebinderAutoConfiguration$$EnhancerBySpringCGLIB$$40ebc668] is not eligible for getting processed by all BeanPostProcessors (for example: not eligible for auto-proxying)
2019-06-26 00:39:06.073 [main] INFO  o.s.b.w.e.tomcat.TomcatWebServer
				-Tomcat initialized with port(s): 8888 (http)
2019-06-26 00:39:06.091 [main] INFO  o.a.coyote.http11.Http11NioProtocol
				-Initializing ProtocolHandler ["http-nio-8888"]
2019-06-26 00:39:06.101 [main] INFO  o.a.catalina.core.StandardService
				-Starting service [Tomcat]
2019-06-26 00:39:06.102 [main] INFO  o.a.catalina.core.StandardEngine
				-Starting Servlet engine: [Apache Tomcat/9.0.17]
2019-06-26 00:39:06.229 [main] INFO  o.a.c.c.C.[Tomcat].[localhost].[/]
				-Initializing Spring embedded WebApplicationContext
2019-06-26 00:39:06.229 [main] INFO  o.s.web.context.ContextLoader
				-Root WebApplicationContext: initialization completed in 1967 ms
2019-06-26 00:39:06.376 [main] WARN  c.n.c.sources.URLConfigurationSource
				-No URLs will be polled as dynamic configuration sources.
2019-06-26 00:39:06.377 [main] INFO  c.n.c.sources.URLConfigurationSource
				-To enable URLs as dynamic configuration sources, define System property archaius.configurationSource.additionalUrls or make config.properties available on classpath.
2019-06-26 00:39:06.399 [main] INFO  c.n.config.DynamicPropertyFactory
				-DynamicPropertyFactory is initialized with configuration sources: com.netflix.config.ConcurrentCompositeConfiguration@a2341c6
2019-06-26 00:39:07.113 [main] INFO  c.s.j.s.i.a.WebApplicationImpl
				-Initiating Jersey application, version 'Jersey: 1.19.1 03/11/2016 02:08 PM'
2019-06-26 00:39:07.188 [main] INFO  c.n.d.p.DiscoveryJerseyProvider
				-Using JSON encoding codec LegacyJacksonJson
2019-06-26 00:39:07.190 [main] INFO  c.n.d.p.DiscoveryJerseyProvider
				-Using JSON decoding codec LegacyJacksonJson
2019-06-26 00:39:07.339 [main] INFO  c.n.d.p.DiscoveryJerseyProvider
				-Using XML encoding codec XStreamXml
2019-06-26 00:39:07.339 [main] INFO  c.n.d.p.DiscoveryJerseyProvider
				-Using XML decoding codec XStreamXml
2019-06-26 00:39:07.666 [main] WARN  o.s.c.n.a.ArchaiusAutoConfiguration
				-No spring.application.name found, defaulting to 'application'
2019-06-26 00:39:07.667 [main] WARN  c.n.c.sources.URLConfigurationSource
				-No URLs will be polled as dynamic configuration sources.
2019-06-26 00:39:07.667 [main] INFO  c.n.c.sources.URLConfigurationSource
				-To enable URLs as dynamic configuration sources, define System property archaius.configurationSource.additionalUrls or make config.properties available on classpath.
2019-06-26 00:39:07.906 [main] INFO  o.s.s.c.ThreadPoolTaskExecutor
				-Initializing ExecutorService 'applicationTaskExecutor'
2019-06-26 00:39:08.588 [main] INFO  o.s.c.n.eureka.InstanceInfoFactory
				-Setting initial instance status as: STARTING
2019-06-26 00:39:08.624 [main] INFO  c.netflix.discovery.DiscoveryClient
				-Initializing Eureka in region us-east-1
2019-06-26 00:39:08.624 [main] INFO  c.netflix.discovery.DiscoveryClient
				-Client configured to neither register nor query for data.
2019-06-26 00:39:08.636 [main] INFO  c.netflix.discovery.DiscoveryClient
				-Discovery Client initialized at timestamp 1561520348634 with initial instances count: 0
2019-06-26 00:39:08.683 [main] INFO  c.n.e.DefaultEurekaServerContext
				-Initializing ...
2019-06-26 00:39:08.686 [main] WARN  c.n.eureka.cluster.PeerEurekaNodes
				-The replica size seems to be empty. Check the route 53 DNS Registry
2019-06-26 00:39:08.706 [main] INFO  c.n.e.r.AbstractInstanceRegistry
				-Finished initializing remote region registries. All known remote regions: []
2019-06-26 00:39:08.708 [main] INFO  c.n.e.DefaultEurekaServerContext
				-Initialized
2019-06-26 00:39:08.722 [main] INFO  o.s.b.a.e.web.EndpointLinksResolver
				-Exposing 2 endpoint(s) beneath base path '/actuator'
2019-06-26 00:39:08.817 [main] INFO  o.s.c.n.e.s.EurekaServiceRegistry
				-Registering application UNKNOWN with eureka with status UP
2019-06-26 00:39:08.821 [Thread-11] INFO  o.s.c.n.e.s.EurekaServerBootstrap
				-Setting the eureka configuration..
2019-06-26 00:39:08.822 [Thread-11] INFO  o.s.c.n.e.s.EurekaServerBootstrap
				-Eureka data center value eureka.datacenter is not set, defaulting to default
2019-06-26 00:39:08.823 [Thread-11] INFO  o.s.c.n.e.s.EurekaServerBootstrap
				-Eureka environment value eureka.environment is not set, defaulting to test
2019-06-26 00:39:08.838 [main] INFO  o.a.coyote.http11.Http11NioProtocol
				-Starting ProtocolHandler ["http-nio-8888"]
2019-06-26 00:39:08.845 [Thread-11] INFO  o.s.c.n.e.s.EurekaServerBootstrap
				-isAws returned false
2019-06-26 00:39:08.846 [Thread-11] INFO  o.s.c.n.e.s.EurekaServerBootstrap
				-Initialized server context
2019-06-26 00:39:08.846 [Thread-11] INFO  c.n.e.r.PeerAwareInstanceRegistryImpl
				-Got 1 instances from neighboring DS node
2019-06-26 00:39:08.846 [Thread-11] INFO  c.n.e.r.PeerAwareInstanceRegistryImpl
				-Renew threshold is: 1
2019-06-26 00:39:08.846 [Thread-11] INFO  c.n.e.r.PeerAwareInstanceRegistryImpl
				-Changing status to UP
2019-06-26 00:39:08.861 [Thread-11] INFO  o.s.c.n.e.s.EurekaServerInitializerConfiguration
				-Started Eureka Server
2019-06-26 00:39:08.892 [main] INFO  o.s.b.w.e.tomcat.TomcatWebServer
				-Tomcat started on port(s): 8888 (http) with context path ''
2019-06-26 00:39:08.893 [main] INFO  o.s.c.n.e.s.EurekaAutoServiceRegistration
				-Updating port to 8888
2019-06-26 00:39:08.895 [main] INFO  c.s.sample.EurekaServerApplication
				-Started EurekaServerApplication in 5.808 seconds (JVM running for 6.37)
2019-06-26 00:39:21.982 [http-nio-8888-exec-1] INFO  o.a.c.c.C.[Tomcat].[localhost].[/]
				-Initializing Spring DispatcherServlet 'dispatcherServlet'
2019-06-26 00:39:21.982 [http-nio-8888-exec-1] INFO  o.s.web.servlet.DispatcherServlet
				-Initializing Servlet 'dispatcherServlet'
2019-06-26 00:39:21.993 [http-nio-8888-exec-1] INFO  o.s.web.servlet.DispatcherServlet
				-Completed initialization in 10 ms
2019-06-26 00:39:22.281 [http-nio-8888-exec-2] INFO  c.n.e.r.AbstractInstanceRegistry
				-Registered instance CLIENT-A/192.168.1.156:client-a:7070 with status UP (replication=false)
2019-06-26 00:39:31.387 [http-nio-8888-exec-4] INFO  c.n.e.r.AbstractInstanceRegistry
				-Registered instance ZUUL-SERVER/192.168.1.156:zuul-server:5555 with status UP (replication=false)
2019-06-26 00:40:08.850 [Eureka-EvictionTimer] INFO  c.n.e.r.AbstractInstanceRegistry
				-Running the evict task with compensationTime 0ms
2019-06-26 00:41:08.850 [Eureka-EvictionTimer] INFO  c.n.e.r.AbstractInstanceRegistry
				-Running the evict task with compensationTime 0ms
2019-06-26 00:42:08.850 [Eureka-EvictionTimer] INFO  c.n.e.r.AbstractInstanceRegistry
				-Running the evict task with compensationTime 0ms
2019-06-26 00:43:08.851 [Eureka-EvictionTimer] INFO  c.n.e.r.AbstractInstanceRegistry
				-Running the evict task with compensationTime 0ms
2019-06-26 00:44:08.851 [Eureka-EvictionTimer] INFO  c.n.e.r.AbstractInstanceRegistry
				-Running the evict task with compensationTime 0ms
2019-06-26 00:45:08.851 [Eureka-EvictionTimer] INFO  c.n.e.r.AbstractInstanceRegistry
				-Running the evict task with compensationTime 0ms
2019-06-26 00:46:08.851 [Eureka-EvictionTimer] INFO  c.n.e.r.AbstractInstanceRegistry
				-Running the evict task with compensationTime 0ms
2019-06-26 00:46:45.135 [Thread-13] INFO  o.s.c.n.e.s.EurekaServiceRegistry
				-Unregistering application UNKNOWN with eureka with status DOWN
2019-06-26 00:46:45.138 [Thread-13] INFO  c.n.e.DefaultEurekaServerContext
				-Shutting down ...
2019-06-26 00:46:45.140 [Thread-13] INFO  c.n.e.DefaultEurekaServerContext
				-Shut down
2019-06-26 00:46:45.144 [Thread-13] INFO  o.s.s.c.ThreadPoolTaskExecutor
				-Shutting down ExecutorService 'applicationTaskExecutor'
2019-06-26 00:46:45.147 [Thread-13] INFO  c.netflix.discovery.DiscoveryClient
				-Shutting down DiscoveryClient ...
2019-06-26 00:46:45.148 [Thread-13] INFO  c.netflix.discovery.DiscoveryClient
				-Completed shut down of DiscoveryClient
2019-06-26 00:46:54.046 [main] INFO  o.s.c.s.PostProcessorRegistrationDelegate$BeanPostProcessorChecker
				-Bean 'org.springframework.cloud.autoconfigure.ConfigurationPropertiesRebinderAutoConfiguration' of type [org.springframework.cloud.autoconfigure.ConfigurationPropertiesRebinderAutoConfiguration$$EnhancerBySpringCGLIB$$2338800b] is not eligible for getting processed by all BeanPostProcessors (for example: not eligible for auto-proxying)
2019-06-26 00:46:54.150 [main] INFO  c.s.sample.EurekaServerApplication
				-No active profile set, falling back to default profiles: default
2019-06-26 00:46:54.731 [main] WARN  o.s.boot.actuate.endpoint.EndpointId
				-Endpoint ID 'service-registry' contains invalid characters, please migrate to a valid format.
2019-06-26 00:46:54.952 [main] INFO  o.s.cloud.context.scope.GenericScope
				-BeanFactory id=70732503-b5f4-38d3-8aa5-7fe93f9c0d3b
2019-06-26 00:46:55.053 [main] INFO  o.s.c.s.PostProcessorRegistrationDelegate$BeanPostProcessorChecker
				-Bean 'org.springframework.cloud.autoconfigure.ConfigurationPropertiesRebinderAutoConfiguration' of type [org.springframework.cloud.autoconfigure.ConfigurationPropertiesRebinderAutoConfiguration$$EnhancerBySpringCGLIB$$2338800b] is not eligible for getting processed by all BeanPostProcessors (for example: not eligible for auto-proxying)
2019-06-26 00:46:55.336 [main] INFO  o.s.b.w.e.tomcat.TomcatWebServer
				-Tomcat initialized with port(s): 8888 (http)
2019-06-26 00:46:55.349 [main] INFO  o.a.coyote.http11.Http11NioProtocol
				-Initializing ProtocolHandler ["http-nio-8888"]
2019-06-26 00:46:55.360 [main] INFO  o.a.catalina.core.StandardService
				-Starting service [Tomcat]
2019-06-26 00:46:55.360 [main] INFO  o.a.catalina.core.StandardEngine
				-Starting Servlet engine: [Apache Tomcat/9.0.17]
2019-06-26 00:46:55.449 [main] INFO  o.a.c.c.C.[Tomcat].[localhost].[/]
				-Initializing Spring embedded WebApplicationContext
2019-06-26 00:46:55.450 [main] INFO  o.s.web.context.ContextLoader
				-Root WebApplicationContext: initialization completed in 1290 ms
2019-06-26 00:46:55.541 [main] WARN  c.n.c.sources.URLConfigurationSource
				-No URLs will be polled as dynamic configuration sources.
2019-06-26 00:46:55.541 [main] INFO  c.n.c.sources.URLConfigurationSource
				-To enable URLs as dynamic configuration sources, define System property archaius.configurationSource.additionalUrls or make config.properties available on classpath.
2019-06-26 00:46:55.552 [main] INFO  c.n.config.DynamicPropertyFactory
				-DynamicPropertyFactory is initialized with configuration sources: com.netflix.config.ConcurrentCompositeConfiguration@5db6b845
2019-06-26 00:46:56.064 [main] INFO  c.s.j.s.i.a.WebApplicationImpl
				-Initiating Jersey application, version 'Jersey: 1.19.1 03/11/2016 02:08 PM'
2019-06-26 00:46:56.110 [main] INFO  c.n.d.p.DiscoveryJerseyProvider
				-Using JSON encoding codec LegacyJacksonJson
2019-06-26 00:46:56.111 [main] INFO  c.n.d.p.DiscoveryJerseyProvider
				-Using JSON decoding codec LegacyJacksonJson
2019-06-26 00:46:56.209 [main] INFO  c.n.d.p.DiscoveryJerseyProvider
				-Using XML encoding codec XStreamXml
2019-06-26 00:46:56.210 [main] INFO  c.n.d.p.DiscoveryJerseyProvider
				-Using XML decoding codec XStreamXml
2019-06-26 00:46:56.434 [main] WARN  o.s.c.n.a.ArchaiusAutoConfiguration
				-No spring.application.name found, defaulting to 'application'
2019-06-26 00:46:56.435 [main] WARN  c.n.c.sources.URLConfigurationSource
				-No URLs will be polled as dynamic configuration sources.
2019-06-26 00:46:56.436 [main] INFO  c.n.c.sources.URLConfigurationSource
				-To enable URLs as dynamic configuration sources, define System property archaius.configurationSource.additionalUrls or make config.properties available on classpath.
2019-06-26 00:46:56.589 [main] INFO  o.s.s.c.ThreadPoolTaskExecutor
				-Initializing ExecutorService 'applicationTaskExecutor'
2019-06-26 00:46:57.047 [main] INFO  o.s.c.n.eureka.InstanceInfoFactory
				-Setting initial instance status as: STARTING
2019-06-26 00:46:57.069 [main] INFO  c.netflix.discovery.DiscoveryClient
				-Initializing Eureka in region us-east-1
2019-06-26 00:46:57.069 [main] INFO  c.netflix.discovery.DiscoveryClient
				-Client configured to neither register nor query for data.
2019-06-26 00:46:57.076 [main] INFO  c.netflix.discovery.DiscoveryClient
				-Discovery Client initialized at timestamp 1561520817075 with initial instances count: 0
2019-06-26 00:46:57.108 [main] INFO  c.n.e.DefaultEurekaServerContext
				-Initializing ...
2019-06-26 00:46:57.110 [main] WARN  c.n.eureka.cluster.PeerEurekaNodes
				-The replica size seems to be empty. Check the route 53 DNS Registry
2019-06-26 00:46:57.123 [main] INFO  c.n.e.r.AbstractInstanceRegistry
				-Finished initializing remote region registries. All known remote regions: []
2019-06-26 00:46:57.124 [main] INFO  c.n.e.DefaultEurekaServerContext
				-Initialized
2019-06-26 00:46:57.134 [main] INFO  o.s.b.a.e.web.EndpointLinksResolver
				-Exposing 2 endpoint(s) beneath base path '/actuator'
2019-06-26 00:46:57.197 [main] INFO  o.s.c.n.e.s.EurekaServiceRegistry
				-Registering application UNKNOWN with eureka with status UP
2019-06-26 00:46:57.200 [Thread-11] INFO  o.s.c.n.e.s.EurekaServerBootstrap
				-Setting the eureka configuration..
2019-06-26 00:46:57.201 [Thread-11] INFO  o.s.c.n.e.s.EurekaServerBootstrap
				-Eureka data center value eureka.datacenter is not set, defaulting to default
2019-06-26 00:46:57.201 [Thread-11] INFO  o.s.c.n.e.s.EurekaServerBootstrap
				-Eureka environment value eureka.environment is not set, defaulting to test
2019-06-26 00:46:57.212 [Thread-11] INFO  o.s.c.n.e.s.EurekaServerBootstrap
				-isAws returned false
2019-06-26 00:46:57.212 [Thread-11] INFO  o.s.c.n.e.s.EurekaServerBootstrap
				-Initialized server context
2019-06-26 00:46:57.212 [Thread-11] INFO  c.n.e.r.PeerAwareInstanceRegistryImpl
				-Got 1 instances from neighboring DS node
2019-06-26 00:46:57.212 [Thread-11] INFO  c.n.e.r.PeerAwareInstanceRegistryImpl
				-Renew threshold is: 1
2019-06-26 00:46:57.212 [main] INFO  o.a.coyote.http11.Http11NioProtocol
				-Starting ProtocolHandler ["http-nio-8888"]
2019-06-26 00:46:57.212 [Thread-11] INFO  c.n.e.r.PeerAwareInstanceRegistryImpl
				-Changing status to UP
2019-06-26 00:46:57.224 [Thread-11] INFO  o.s.c.n.e.s.EurekaServerInitializerConfiguration
				-Started Eureka Server
2019-06-26 00:46:57.232 [main] INFO  o.s.b.w.e.tomcat.TomcatWebServer
				-Tomcat started on port(s): 8888 (http) with context path ''
2019-06-26 00:46:57.233 [main] INFO  o.s.c.n.e.s.EurekaAutoServiceRegistration
				-Updating port to 8888
2019-06-26 00:46:57.234 [main] INFO  c.s.sample.EurekaServerApplication
				-Started EurekaServerApplication in 3.922 seconds (JVM running for 4.373)
2019-06-26 00:47:11.727 [http-nio-8888-exec-1] INFO  o.a.c.c.C.[Tomcat].[localhost].[/]
				-Initializing Spring DispatcherServlet 'dispatcherServlet'
2019-06-26 00:47:11.728 [http-nio-8888-exec-1] INFO  o.s.web.servlet.DispatcherServlet
				-Initializing Servlet 'dispatcherServlet'
2019-06-26 00:47:11.737 [http-nio-8888-exec-1] INFO  o.s.web.servlet.DispatcherServlet
				-Completed initialization in 9 ms
2019-06-26 00:47:12.004 [http-nio-8888-exec-2] INFO  c.n.e.r.AbstractInstanceRegistry
				-Registered instance CLIENT-A/192.168.1.156:client-a:7070 with status UP (replication=false)
2019-06-26 00:47:12.018 [http-nio-8888-exec-3] INFO  c.n.e.r.AbstractInstanceRegistry
				-Cancelled instance CLIENT-A/192.168.1.156:client-a:7070 (replication=false)
2019-06-26 00:47:21.380 [http-nio-8888-exec-6] INFO  c.n.e.r.AbstractInstanceRegistry
				-Registered instance ZUUL-SERVER/192.168.1.156:zuul-server:5555 with status UP (replication=false)
2019-06-26 00:47:32.651 [Thread-13] INFO  o.s.c.n.e.s.EurekaServiceRegistry
				-Unregistering application UNKNOWN with eureka with status DOWN
2019-06-26 00:47:32.653 [Thread-13] INFO  c.n.e.DefaultEurekaServerContext
				-Shutting down ...
2019-06-26 00:47:32.657 [Thread-13] INFO  c.n.e.DefaultEurekaServerContext
				-Shut down
2019-06-26 00:47:32.660 [Thread-13] INFO  o.s.s.c.ThreadPoolTaskExecutor
				-Shutting down ExecutorService 'applicationTaskExecutor'
2019-06-26 00:47:32.664 [Thread-13] INFO  c.netflix.discovery.DiscoveryClient
				-Shutting down DiscoveryClient ...
2019-06-26 00:47:32.665 [Thread-13] INFO  c.netflix.discovery.DiscoveryClient
				-Completed shut down of DiscoveryClient
2019-06-26 00:48:13.580 [main] INFO  o.s.c.s.PostProcessorRegistrationDelegate$BeanPostProcessorChecker
				-Bean 'org.springframework.cloud.autoconfigure.ConfigurationPropertiesRebinderAutoConfiguration' of type [org.springframework.cloud.autoconfigure.ConfigurationPropertiesRebinderAutoConfiguration$$EnhancerBySpringCGLIB$$ba5f08db] is not eligible for getting processed by all BeanPostProcessors (for example: not eligible for auto-proxying)
2019-06-26 00:48:13.671 [main] INFO  c.s.sample.EurekaServerApplication
				-No active profile set, falling back to default profiles: default
2019-06-26 00:48:14.278 [main] WARN  o.s.boot.actuate.endpoint.EndpointId
				-Endpoint ID 'service-registry' contains invalid characters, please migrate to a valid format.
2019-06-26 00:48:14.510 [main] INFO  o.s.cloud.context.scope.GenericScope
				-BeanFactory id=70732503-b5f4-38d3-8aa5-7fe93f9c0d3b
2019-06-26 00:48:14.601 [main] INFO  o.s.c.s.PostProcessorRegistrationDelegate$BeanPostProcessorChecker
				-Bean 'org.springframework.cloud.autoconfigure.ConfigurationPropertiesRebinderAutoConfiguration' of type [org.springframework.cloud.autoconfigure.ConfigurationPropertiesRebinderAutoConfiguration$$EnhancerBySpringCGLIB$$ba5f08db] is not eligible for getting processed by all BeanPostProcessors (for example: not eligible for auto-proxying)
2019-06-26 00:48:14.878 [main] INFO  o.s.b.w.e.tomcat.TomcatWebServer
				-Tomcat initialized with port(s): 8888 (http)
2019-06-26 00:48:14.891 [main] INFO  o.a.coyote.http11.Http11NioProtocol
				-Initializing ProtocolHandler ["http-nio-8888"]
2019-06-26 00:48:14.901 [main] INFO  o.a.catalina.core.StandardService
				-Starting service [Tomcat]
2019-06-26 00:48:14.901 [main] INFO  o.a.catalina.core.StandardEngine
				-Starting Servlet engine: [Apache Tomcat/9.0.17]
2019-06-26 00:48:14.984 [main] INFO  o.a.c.c.C.[Tomcat].[localhost].[/]
				-Initializing Spring embedded WebApplicationContext
2019-06-26 00:48:14.984 [main] INFO  o.s.web.context.ContextLoader
				-Root WebApplicationContext: initialization completed in 1304 ms
2019-06-26 00:48:15.072 [main] WARN  c.n.c.sources.URLConfigurationSource
				-No URLs will be polled as dynamic configuration sources.
2019-06-26 00:48:15.072 [main] INFO  c.n.c.sources.URLConfigurationSource
				-To enable URLs as dynamic configuration sources, define System property archaius.configurationSource.additionalUrls or make config.properties available on classpath.
2019-06-26 00:48:15.084 [main] INFO  c.n.config.DynamicPropertyFactory
				-DynamicPropertyFactory is initialized with configuration sources: com.netflix.config.ConcurrentCompositeConfiguration@2e645fbd
2019-06-26 00:48:15.602 [main] INFO  c.s.j.s.i.a.WebApplicationImpl
				-Initiating Jersey application, version 'Jersey: 1.19.1 03/11/2016 02:08 PM'
2019-06-26 00:48:15.645 [main] INFO  c.n.d.p.DiscoveryJerseyProvider
				-Using JSON encoding codec LegacyJacksonJson
2019-06-26 00:48:15.646 [main] INFO  c.n.d.p.DiscoveryJerseyProvider
				-Using JSON decoding codec LegacyJacksonJson
2019-06-26 00:48:15.734 [main] INFO  c.n.d.p.DiscoveryJerseyProvider
				-Using XML encoding codec XStreamXml
2019-06-26 00:48:15.735 [main] INFO  c.n.d.p.DiscoveryJerseyProvider
				-Using XML decoding codec XStreamXml
2019-06-26 00:48:15.976 [main] WARN  o.s.c.n.a.ArchaiusAutoConfiguration
				-No spring.application.name found, defaulting to 'application'
2019-06-26 00:48:15.977 [main] WARN  c.n.c.sources.URLConfigurationSource
				-No URLs will be polled as dynamic configuration sources.
2019-06-26 00:48:15.977 [main] INFO  c.n.c.sources.URLConfigurationSource
				-To enable URLs as dynamic configuration sources, define System property archaius.configurationSource.additionalUrls or make config.properties available on classpath.
2019-06-26 00:48:16.130 [main] INFO  o.s.s.c.ThreadPoolTaskExecutor
				-Initializing ExecutorService 'applicationTaskExecutor'
2019-06-26 00:48:16.620 [main] INFO  o.s.c.n.eureka.InstanceInfoFactory
				-Setting initial instance status as: STARTING
2019-06-26 00:48:16.646 [main] INFO  c.netflix.discovery.DiscoveryClient
				-Initializing Eureka in region us-east-1
2019-06-26 00:48:16.647 [main] INFO  c.netflix.discovery.DiscoveryClient
				-Client configured to neither register nor query for data.
2019-06-26 00:48:16.655 [main] INFO  c.netflix.discovery.DiscoveryClient
				-Discovery Client initialized at timestamp 1561520896654 with initial instances count: 0
2019-06-26 00:48:16.692 [main] INFO  c.n.e.DefaultEurekaServerContext
				-Initializing ...
2019-06-26 00:48:16.694 [main] WARN  c.n.eureka.cluster.PeerEurekaNodes
				-The replica size seems to be empty. Check the route 53 DNS Registry
2019-06-26 00:48:16.708 [main] INFO  c.n.e.r.AbstractInstanceRegistry
				-Finished initializing remote region registries. All known remote regions: []
2019-06-26 00:48:16.709 [main] INFO  c.n.e.DefaultEurekaServerContext
				-Initialized
2019-06-26 00:48:16.723 [main] INFO  o.s.b.a.e.web.EndpointLinksResolver
				-Exposing 2 endpoint(s) beneath base path '/actuator'
2019-06-26 00:48:16.813 [main] INFO  o.s.c.n.e.s.EurekaServiceRegistry
				-Registering application UNKNOWN with eureka with status UP
2019-06-26 00:48:16.817 [Thread-11] INFO  o.s.c.n.e.s.EurekaServerBootstrap
				-Setting the eureka configuration..
2019-06-26 00:48:16.817 [Thread-11] INFO  o.s.c.n.e.s.EurekaServerBootstrap
				-Eureka data center value eureka.datacenter is not set, defaulting to default
2019-06-26 00:48:16.818 [Thread-11] INFO  o.s.c.n.e.s.EurekaServerBootstrap
				-Eureka environment value eureka.environment is not set, defaulting to test
2019-06-26 00:48:16.833 [Thread-11] INFO  o.s.c.n.e.s.EurekaServerBootstrap
				-isAws returned false
2019-06-26 00:48:16.833 [Thread-11] INFO  o.s.c.n.e.s.EurekaServerBootstrap
				-Initialized server context
2019-06-26 00:48:16.833 [Thread-11] INFO  c.n.e.r.PeerAwareInstanceRegistryImpl
				-Got 1 instances from neighboring DS node
2019-06-26 00:48:16.833 [main] INFO  o.a.coyote.http11.Http11NioProtocol
				-Starting ProtocolHandler ["http-nio-8888"]
2019-06-26 00:48:16.834 [Thread-11] INFO  c.n.e.r.PeerAwareInstanceRegistryImpl
				-Renew threshold is: 1
2019-06-26 00:48:16.834 [Thread-11] INFO  c.n.e.r.PeerAwareInstanceRegistryImpl
				-Changing status to UP
2019-06-26 00:48:16.846 [Thread-11] INFO  o.s.c.n.e.s.EurekaServerInitializerConfiguration
				-Started Eureka Server
2019-06-26 00:48:16.864 [main] INFO  o.s.b.w.e.tomcat.TomcatWebServer
				-Tomcat started on port(s): 8888 (http) with context path ''
2019-06-26 00:48:16.864 [main] INFO  o.s.c.n.e.s.EurekaAutoServiceRegistration
				-Updating port to 8888
2019-06-26 00:48:16.866 [main] INFO  c.s.sample.EurekaServerApplication
				-Started EurekaServerApplication in 4.084 seconds (JVM running for 4.55)
2019-06-26 00:48:31.074 [http-nio-8888-exec-2] INFO  o.a.c.c.C.[Tomcat].[localhost].[/]
				-Initializing Spring DispatcherServlet 'dispatcherServlet'
2019-06-26 00:48:31.075 [http-nio-8888-exec-2] INFO  o.s.web.servlet.DispatcherServlet
				-Initializing Servlet 'dispatcherServlet'
2019-06-26 00:48:31.083 [http-nio-8888-exec-2] INFO  o.s.web.servlet.DispatcherServlet
				-Completed initialization in 8 ms
2019-06-26 00:48:31.369 [http-nio-8888-exec-1] INFO  c.n.e.r.AbstractInstanceRegistry
				-Registered instance CLIENT-A/192.168.1.156:client-a:7070 with status UP (replication=false)
2019-06-26 00:48:39.955 [http-nio-8888-exec-4] INFO  c.n.e.r.AbstractInstanceRegistry
				-Registered instance ZUUL-SERVER/192.168.1.156:zuul-server:5555 with status UP (replication=false)
2019-06-26 00:49:16.835 [Eureka-EvictionTimer] INFO  c.n.e.r.AbstractInstanceRegistry
				-Running the evict task with compensationTime 0ms
2019-06-26 00:49:31.222 [Thread-13] INFO  o.s.c.n.e.s.EurekaServiceRegistry
				-Unregistering application UNKNOWN with eureka with status DOWN
2019-06-26 00:49:31.224 [Thread-13] INFO  c.n.e.DefaultEurekaServerContext
				-Shutting down ...
2019-06-26 00:49:31.228 [Thread-13] INFO  c.n.e.DefaultEurekaServerContext
				-Shut down
2019-06-26 00:49:31.231 [Thread-13] INFO  o.s.s.c.ThreadPoolTaskExecutor
				-Shutting down ExecutorService 'applicationTaskExecutor'
2019-06-26 00:49:31.235 [Thread-13] INFO  c.netflix.discovery.DiscoveryClient
				-Shutting down DiscoveryClient ...
2019-06-26 00:49:31.235 [Thread-13] INFO  c.netflix.discovery.DiscoveryClient
				-Completed shut down of DiscoveryClient
